c:\users\rexch\onedrive\documents\balboa_public\build\relwithdebinfo\balboa_lib.pdb
c:\users\rexch\onedrive\documents\balboa_public\build\balboa_lib.dir\relwithdebinfo\glad.obj
c:\users\rexch\onedrive\documents\balboa_public\build\balboa_lib.dir\relwithdebinfo\image.obj
c:\users\rexch\onedrive\documents\balboa_public\build\balboa_lib.dir\relwithdebinfo\hw3_scenes.obj
c:\users\rexch\onedrive\documents\balboa_public\build\balboa_lib.dir\relwithdebinfo\hw3.obj
c:\users\rexch\onedrive\documents\balboa_public\build\balboa_lib.dir\relwithdebinfo\hw2_scenes.obj
c:\users\rexch\onedrive\documents\balboa_public\build\balboa_lib.dir\relwithdebinfo\hw2.obj
c:\users\rexch\onedrive\documents\balboa_public\build\balboa_lib.dir\relwithdebinfo\hw1_scenes.obj
c:\users\rexch\onedrive\documents\balboa_public\build\balboa_lib.dir\relwithdebinfo\hw1.obj
c:\users\rexch\onedrive\documents\balboa_public\build\balboa_lib.dir\relwithdebinfo\tinyply.obj
c:\users\rexch\onedrive\documents\balboa_public\build\cmakefiles\generate.stamp
c:\users\rexch\onedrive\documents\balboa_public\build\relwithdebinfo\balboa_lib.lib
c:\users\rexch\onedrive\documents\balboa_public\build\balboa_lib.dir\relwithdebinfo\balboa_lib.tlog\cl.command.1.tlog
c:\users\rexch\onedrive\documents\balboa_public\build\balboa_lib.dir\relwithdebinfo\balboa_lib.tlog\cl.items.tlog
c:\users\rexch\onedrive\documents\balboa_public\build\balboa_lib.dir\relwithdebinfo\balboa_lib.tlog\cl.read.1.tlog
c:\users\rexch\onedrive\documents\balboa_public\build\balboa_lib.dir\relwithdebinfo\balboa_lib.tlog\cl.write.1.tlog
c:\users\rexch\onedrive\documents\balboa_public\build\balboa_lib.dir\relwithdebinfo\balboa_lib.tlog\custombuild.command.1.tlog
c:\users\rexch\onedrive\documents\balboa_public\build\balboa_lib.dir\relwithdebinfo\balboa_lib.tlog\custombuild.read.1.tlog
c:\users\rexch\onedrive\documents\balboa_public\build\balboa_lib.dir\relwithdebinfo\balboa_lib.tlog\custombuild.write.1.tlog
c:\users\rexch\onedrive\documents\balboa_public\build\balboa_lib.dir\relwithdebinfo\balboa_lib.tlog\lib-link.read.1.tlog
c:\users\rexch\onedrive\documents\balboa_public\build\balboa_lib.dir\relwithdebinfo\balboa_lib.tlog\lib-link.write.1.tlog
c:\users\rexch\onedrive\documents\balboa_public\build\balboa_lib.dir\relwithdebinfo\balboa_lib.tlog\lib.command.1.tlog
